c:\users\0341873\desktop\jinfengliu_0341873_cc452\sherlockandjack\jeffery_game\helloanimation\debug\vc141.pdb
c:\users\0341873\desktop\jinfengliu_0341873_cc452\sherlockandjack\jeffery_game\helloanimation\debug\vc141.idb
c:\users\0341873\desktop\jinfengliu_0341873_cc452\sherlockandjack\jeffery_game\helloanimation\debug\characterjump.obj
c:\users\0341873\desktop\jinfengliu_0341873_cc452\sherlockandjack\jeffery_game\helloanimation\debug\characterjump2.obj
c:\users\0341873\desktop\jinfengliu_0341873_cc452\sherlockandjack\jeffery_game\helloanimation\debug\characterjump3.obj
c:\users\0341873\desktop\jinfengliu_0341873_cc452\sherlockandjack\jeffery_game\helloanimation\debug\characterstate.obj
c:\users\0341873\desktop\jinfengliu_0341873_cc452\sherlockandjack\jeffery_game\helloanimation\debug\characterstate2.obj
c:\users\0341873\desktop\jinfengliu_0341873_cc452\sherlockandjack\jeffery_game\helloanimation\debug\characterstate3.obj
c:\users\0341873\desktop\jinfengliu_0341873_cc452\sherlockandjack\jeffery_game\helloanimation\debug\characterwalk.obj
c:\users\0341873\desktop\jinfengliu_0341873_cc452\sherlockandjack\jeffery_game\helloanimation\debug\characterwalk2.obj
c:\users\0341873\desktop\jinfengliu_0341873_cc452\sherlockandjack\jeffery_game\helloanimation\debug\characterwalk3.obj
c:\users\0341873\desktop\jinfengliu_0341873_cc452\sherlockandjack\jeffery_game\helloanimation\debug\coplose.obj
c:\users\0341873\desktop\jinfengliu_0341873_cc452\sherlockandjack\jeffery_game\helloanimation\debug\copwin.obj
c:\users\0341873\desktop\jinfengliu_0341873_cc452\sherlockandjack\jeffery_game\helloanimation\debug\copwin2.obj
c:\users\0341873\desktop\jinfengliu_0341873_cc452\sherlockandjack\jeffery_game\helloanimation\debug\frontendstate.obj
c:\users\0341873\desktop\jinfengliu_0341873_cc452\sherlockandjack\jeffery_game\helloanimation\debug\gamecontext.obj
c:\users\0341873\desktop\jinfengliu_0341873_cc452\sherlockandjack\jeffery_game\helloanimation\debug\gameplaystate.obj
c:\users\0341873\desktop\jinfengliu_0341873_cc452\sherlockandjack\jeffery_game\helloanimation\debug\map.obj
c:\users\0341873\desktop\jinfengliu_0341873_cc452\sherlockandjack\jeffery_game\helloanimation\debug\randomlevelgenerator.obj
c:\users\0341873\desktop\jinfengliu_0341873_cc452\sherlockandjack\jeffery_game\helloanimation\debug\tile.obj
c:\users\0341873\desktop\jinfengliu_0341873_cc452\sherlockandjack\jeffery_game\helloanimation\debug\counter.obj
c:\users\0341873\desktop\jinfengliu_0341873_cc452\sherlockandjack\jeffery_game\helloanimation\debug\winmain.obj
c:\users\0341873\desktop\jinfengliu_0341873_cc452\sherlockandjack\jeffery_game\helloanimation\debug\basestate.obj
c:\users\0341873\desktop\jinfengliu_0341873_cc452\sherlockandjack\jeffery_game\helloanimation\debug\character.obj
c:\users\0341873\desktop\jinfengliu_0341873_cc452\sherlockandjack\jeffery_game\helloanimation\debug\character2.obj
c:\users\0341873\desktop\jinfengliu_0341873_cc452\sherlockandjack\jeffery_game\helloanimation\debug\character3.obj
c:\users\0341873\desktop\jinfengliu_0341873_cc452\sherlockandjack\jeffery_game\helloanimation\debug\characterfall.obj
c:\users\0341873\desktop\jinfengliu_0341873_cc452\sherlockandjack\jeffery_game\helloanimation\debug\characterfall2.obj
c:\users\0341873\desktop\jinfengliu_0341873_cc452\sherlockandjack\jeffery_game\helloanimation\debug\characterfall3.obj
c:\users\0341873\desktop\jinfengliu_0341873_cc452\sherlockandjack\jeffery_game\helloanimation\debug\characteridle.obj
c:\users\0341873\desktop\jinfengliu_0341873_cc452\sherlockandjack\jeffery_game\helloanimation\debug\characteridle2.obj
c:\users\0341873\desktop\jinfengliu_0341873_cc452\sherlockandjack\jeffery_game\helloanimation\debug\characteridle3.obj
c:\users\0341873\desktop\jinfengliu_0341873_cc452\sherlockandjack\jeffery_game\debug\jefferygame.ilk
c:\users\0341873\desktop\jinfengliu_0341873_cc452\sherlockandjack\jeffery_game\debug\jefferygame.exe
c:\users\0341873\desktop\jinfengliu_0341873_cc452\sherlockandjack\jeffery_game\debug\jefferygame.pdb
c:\users\0341873\desktop\jinfengliu_0341873_cc452\sherlockandjack\jeffery_game\helloanimation\debug\jefferygame.tlog\cl.command.1.tlog
c:\users\0341873\desktop\jinfengliu_0341873_cc452\sherlockandjack\jeffery_game\helloanimation\debug\jefferygame.tlog\cl.read.1.tlog
c:\users\0341873\desktop\jinfengliu_0341873_cc452\sherlockandjack\jeffery_game\helloanimation\debug\jefferygame.tlog\cl.write.1.tlog
c:\users\0341873\desktop\jinfengliu_0341873_cc452\sherlockandjack\jeffery_game\helloanimation\debug\jefferygame.tlog\link.command.1.tlog
c:\users\0341873\desktop\jinfengliu_0341873_cc452\sherlockandjack\jeffery_game\helloanimation\debug\jefferygame.tlog\link.read.1.tlog
c:\users\0341873\desktop\jinfengliu_0341873_cc452\sherlockandjack\jeffery_game\helloanimation\debug\jefferygame.tlog\link.write.1.tlog
