c:\users\0341873\desktop\jinfengliu_0341873_cc452\sherlockandjack\jeffery_game\sge\debug\sge.pdb
c:\users\0341873\desktop\jinfengliu_0341873_cc452\sherlockandjack\jeffery_game\sge\debug\sge.idb
c:\users\0341873\desktop\jinfengliu_0341873_cc452\sherlockandjack\jeffery_game\sge\debug\postprocess.obj
c:\users\0341873\desktop\jinfengliu_0341873_cc452\sherlockandjack\jeffery_game\sge\debug\rendersurface.obj
c:\users\0341873\desktop\jinfengliu_0341873_cc452\sherlockandjack\jeffery_game\sge\debug\shader.obj
c:\users\0341873\desktop\jinfengliu_0341873_cc452\sherlockandjack\jeffery_game\sge\debug\sprite.obj
c:\users\0341873\desktop\jinfengliu_0341873_cc452\sherlockandjack\jeffery_game\sge\debug\spriterenderer.obj
c:\users\0341873\desktop\jinfengliu_0341873_cc452\sherlockandjack\jeffery_game\sge\debug\texture.obj
c:\users\0341873\desktop\jinfengliu_0341873_cc452\sherlockandjack\jeffery_game\sge\debug\wireframe.obj
c:\users\0341873\desktop\jinfengliu_0341873_cc452\sherlockandjack\jeffery_game\sge\debug\dxinput.obj
c:\users\0341873\desktop\jinfengliu_0341873_cc452\sherlockandjack\jeffery_game\sge\debug\inifile.obj
c:\users\0341873\desktop\jinfengliu_0341873_cc452\sherlockandjack\jeffery_game\sge\debug\splashscreen.obj
c:\users\0341873\desktop\jinfengliu_0341873_cc452\sherlockandjack\jeffery_game\sge\debug\resource.obj
c:\users\0341873\desktop\jinfengliu_0341873_cc452\sherlockandjack\jeffery_game\sge\debug\resourcemanager.obj
c:\users\0341873\desktop\jinfengliu_0341873_cc452\sherlockandjack\jeffery_game\sge\debug\sge_input.obj
c:\users\0341873\desktop\jinfengliu_0341873_cc452\sherlockandjack\jeffery_game\sge\debug\sge_physics.obj
c:\users\0341873\desktop\jinfengliu_0341873_cc452\sherlockandjack\jeffery_game\sge\debug\debug.obj
c:\users\0341873\desktop\jinfengliu_0341873_cc452\sherlockandjack\jeffery_game\sge\debug\sge.obj
c:\users\0341873\desktop\jinfengliu_0341873_cc452\sherlockandjack\jeffery_game\sge\debug\sge_audio.obj
c:\users\0341873\desktop\jinfengliu_0341873_cc452\sherlockandjack\jeffery_game\sge\debug\sge_graphics.obj
c:\users\0341873\desktop\jinfengliu_0341873_cc452\sherlockandjack\jeffery_game\sge\debug\sge_math.obj
c:\users\0341873\desktop\jinfengliu_0341873_cc452\sherlockandjack\jeffery_game\sge\debug\sge_ui.obj
c:\users\0341873\desktop\jinfengliu_0341873_cc452\sherlockandjack\jeffery_game\sge\debug\fmodbridge.obj
c:\users\0341873\desktop\jinfengliu_0341873_cc452\sherlockandjack\jeffery_game\sge\debug\sound.obj
c:\users\0341873\desktop\jinfengliu_0341873_cc452\sherlockandjack\jeffery_game\sge\debug\application.obj
c:\users\0341873\desktop\jinfengliu_0341873_cc452\sherlockandjack\jeffery_game\sge\debug\log.obj
c:\users\0341873\desktop\jinfengliu_0341873_cc452\sherlockandjack\jeffery_game\sge\debug\timer.obj
c:\users\0341873\desktop\jinfengliu_0341873_cc452\sherlockandjack\jeffery_game\sge\debug\dxgraphics.obj
c:\users\0341873\desktop\jinfengliu_0341873_cc452\sherlockandjack\jeffery_game\sge\debug\font.obj
c:\users\0341873\desktop\jinfengliu_0341873_cc452\sherlockandjack\jeffery_game\debug\sge.lib
c:\users\0341873\desktop\jinfengliu_0341873_cc452\sherlockandjack\jeffery_game\debug\sge.pdb
c:\users\0341873\desktop\jinfengliu_0341873_cc452\sherlockandjack\jeffery_game\sge\debug\sge.tlog\cl.command.1.tlog
c:\users\0341873\desktop\jinfengliu_0341873_cc452\sherlockandjack\jeffery_game\sge\debug\sge.tlog\cl.read.1.tlog
c:\users\0341873\desktop\jinfengliu_0341873_cc452\sherlockandjack\jeffery_game\sge\debug\sge.tlog\cl.write.1.tlog
c:\users\0341873\desktop\jinfengliu_0341873_cc452\sherlockandjack\jeffery_game\sge\debug\sge.tlog\lib-link.read.1.tlog
c:\users\0341873\desktop\jinfengliu_0341873_cc452\sherlockandjack\jeffery_game\sge\debug\sge.tlog\lib-link.write.1.tlog
c:\users\0341873\desktop\jinfengliu_0341873_cc452\sherlockandjack\jeffery_game\sge\debug\sge.tlog\lib.command.1.tlog
